0 info it worked if it ends with ok
1 verbose cli [ 'D:\\ruby-git-nodejs\\nodejs\\node.exe',
1 verbose cli   'D:\\ruby-git-nodejs\\nodejs\\node_modules\\npm\\bin\\npm-cli.js',
1 verbose cli   'update' ]
2 info using npm@3.10.10
3 info using node@v6.11.3
4 verbose stack Error: kill ENOSYS
4 verbose stack     at exports._errnoException (util.js:1020:11)
4 verbose stack     at process.kill (internal/process.js:190:13)
4 verbose stack     at process.listener (D:\ruby-git-nodejs\nodejs\node_modules\npm\node_modules\npmlog\node_modules\gauge\node_modules\signal-exit\index.js:86:15)
4 verbose stack     at emitNone (events.js:91:20)
4 verbose stack     at process.emit (events.js:185:7)
4 verbose stack     at processEmit (D:\ruby-git-nodejs\nodejs\node_modules\npm\node_modules\npmlog\node_modules\gauge\node_modules\signal-exit\index.js:146:32)
4 verbose stack     at processEmit (D:\ruby-git-nodejs\nodejs\node_modules\npm\node_modules\npm-registry-client\node_modules\npmlog\node_modules\gauge\node_modules\signal-exit\index.js:146:32)
4 verbose stack     at Signal.wrap.onsignal (internal/process.js:217:44)
5 verbose cwd D:\svn\TCC.org\markup
6 error Windows_NT 10.0.17134
7 error argv "D:\\ruby-git-nodejs\\nodejs\\node.exe" "D:\\ruby-git-nodejs\\nodejs\\node_modules\\npm\\bin\\npm-cli.js" "update"
8 error node v6.11.3
9 error npm  v3.10.10
10 error code ENOSYS
11 error errno ENOSYS
12 error syscall kill
13 error kill ENOSYS
14 error If you need help, you may report this error at:
14 error     <https://github.com/npm/npm/issues>
15 verbose exit [ 1, true ]
